<?xml version="1.0" encoding="UTF-8"?>
<!-- Generated by org.testng.reporters.JUnitXMLReporter -->
<testsuite ignored="0" hostname="DESKTOP-6KN9LDM" failures="0" tests="6" name="Command line test" time="0.055" errors="0" timestamp="2020-11-28T18:30:10 IST">
  <testcase classname="qaclickacademy.MavenJava.AppiumTest" name="AppiumTest1" time="0.004"/>
  <testcase classname="qaclickacademy.MavenJava.AppiumTest" name="AppiumTest2" time="0.0"/>
  <testcase classname="qaclickacademy.MavenJava.RestAPITest" name="RestAPITest1" time="0.0"/>
  <testcase classname="qaclickacademy.MavenJava.RestAPITest" name="RestAPITest2" time="0.001"/>
  <testcase classname="qaclickacademy.MavenJava.SeleniumTest" name="BrowserTest" time="0.0"/>
  <testcase classname="qaclickacademy.MavenJava.SeleniumTest" name="TestTC" time="0.0"/>
</testsuite> <!-- Command line test -->
