<?xml version="1.0" encoding="UTF-8"?>
<!-- Generated by org.testng.reporters.JUnitXMLReporter -->
<testsuite ignored="0" hostname="DESKTOP-6KN9LDM" failures="0" tests="4" name="Test" time="0.049" errors="0" timestamp="2020-11-28T18:28:41 IST">
  <testcase classname="qaclickacademy.MavenJava.RestAPITest" name="RestAPITest1" time="0.005"/>
  <testcase classname="qaclickacademy.MavenJava.RestAPITest" name="RestAPITest2" time="0.0"/>
  <testcase classname="qaclickacademy.MavenJava.SeleniumTest" name="BrowserTest" time="0.0"/>
  <testcase classname="qaclickacademy.MavenJava.SeleniumTest" name="TestTC" time="0.0"/>
</testsuite> <!-- Test -->
