<?xml version="1.0" encoding="UTF-8"?>
<testng-results ignored="0" total="6" passed="6" failed="0" skipped="0">
  <reporter-output>
  </reporter-output>
  <suite started-at="2020-11-28T18:30:10 IST" name="Command line suite" finished-at="2020-11-28T18:30:10 IST" duration-ms="55">
    <groups>
    </groups>
    <test started-at="2020-11-28T18:30:10 IST" name="Command line test" finished-at="2020-11-28T18:30:10 IST" duration-ms="55">
      <class name="qaclickacademy.MavenJava.SeleniumTest">
        <test-method signature="BrowserTest()[pri:0, instance:qaclickacademy.MavenJava.SeleniumTest@28ac3dc3]" started-at="2020-11-28T18:30:10 IST" name="BrowserTest" finished-at="2020-11-28T18:30:10 IST" duration-ms="0" status="PASS">
          <reporter-output>
          </reporter-output>
        </test-method> <!-- BrowserTest -->
        <test-method signature="TestTC()[pri:0, instance:qaclickacademy.MavenJava.SeleniumTest@28ac3dc3]" started-at="2020-11-28T18:30:10 IST" name="TestTC" finished-at="2020-11-28T18:30:10 IST" duration-ms="0" status="PASS">
          <reporter-output>
          </reporter-output>
        </test-method> <!-- TestTC -->
      </class> <!-- qaclickacademy.MavenJava.SeleniumTest -->
      <class name="qaclickacademy.MavenJava.AppiumTest">
        <test-method signature="AppiumTest1()[pri:0, instance:qaclickacademy.MavenJava.AppiumTest@74a10858]" started-at="2020-11-28T18:30:10 IST" name="AppiumTest1" finished-at="2020-11-28T18:30:10 IST" duration-ms="4" status="PASS">
          <reporter-output>
          </reporter-output>
        </test-method> <!-- AppiumTest1 -->
        <test-method signature="AppiumTest2()[pri:0, instance:qaclickacademy.MavenJava.AppiumTest@74a10858]" started-at="2020-11-28T18:30:10 IST" name="AppiumTest2" finished-at="2020-11-28T18:30:10 IST" duration-ms="0" status="PASS">
          <reporter-output>
          </reporter-output>
        </test-method> <!-- AppiumTest2 -->
      </class> <!-- qaclickacademy.MavenJava.AppiumTest -->
      <class name="qaclickacademy.MavenJava.RestAPITest">
        <test-method signature="RestAPITest2()[pri:0, instance:qaclickacademy.MavenJava.RestAPITest@23fe1d71]" started-at="2020-11-28T18:30:10 IST" name="RestAPITest2" finished-at="2020-11-28T18:30:10 IST" duration-ms="1" status="PASS">
          <reporter-output>
          </reporter-output>
        </test-method> <!-- RestAPITest2 -->
        <test-method signature="RestAPITest1()[pri:0, instance:qaclickacademy.MavenJava.RestAPITest@23fe1d71]" started-at="2020-11-28T18:30:10 IST" name="RestAPITest1" finished-at="2020-11-28T18:30:10 IST" duration-ms="0" status="PASS">
          <reporter-output>
          </reporter-output>
        </test-method> <!-- RestAPITest1 -->
      </class> <!-- qaclickacademy.MavenJava.RestAPITest -->
    </test> <!-- Command line test -->
  </suite> <!-- Command line suite -->
</testng-results>
