<?xml version="1.0" encoding="UTF-8"?>
<testsuite xmlns:xsi="http://www.w3.org/2001/XMLSchema-instance" xsi:noNamespaceSchemaLocation="https://maven.apache.org/surefire/maven-surefire-plugin/xsd/surefire-test-report-3.0.xsd" version="3.0" name="qaclickacademy.MavenJava.AppiumTest" time="0.54" tests="2" errors="0" skipped="0" failures="0">
  <properties>
[...]
</properties>
  <testcase name="AppiumTest1" classname="qaclickacademy.MavenJava.AppiumTest" time="0.005">
    <system-out><![CDATA[Appium Test1
]]></system-out>
  </testcase>
  <testcase name="AppiumTest2" classname="qaclickacademy.MavenJava.AppiumTest" time="0.002">
    <system-out><![CDATA[Appium Test2
]]></system-out>
  </testcase>
</testsuite>